<?xml version="1.0" encoding="UTF-8"?>
<testsuite xmlns:xsi="http://www.w3.org/2001/XMLSchema-instance" xsi:noNamespaceSchemaLocation="https://maven.apache.org/surefire/maven-surefire-plugin/xsd/surefire-test-report-3.0.xsd" version="3.0" name="com.aanchal.todo_app.TodoAppApplicationTests" time="7.764" tests="1" errors="0" skipped="0" failures="0">
  <properties>
[...]
</properties>
  <testcase name="contextLoads" classname="com.aanchal.todo_app.TodoAppApplicationTests" time="0.76">
    <system-out><![CDATA[16:48:46.713 [main] INFO org.springframework.test.context.support.AnnotationConfigContextLoaderUtils -- Could not detect default configuration classes for test class [com.aanchal.todo_app.TodoAppApplicationTests]: TodoAppApplicationTests does not declare any static, non-private, non-final, nested classes annotated with @Configuration.
16:48:46.868 [main] INFO org.springframework.boot.test.context.SpringBootTestContextBootstrapper -- Found @SpringBootConfiguration com.aanchal.todo_app.TodoAppApplication for test class com.aanchal.todo_app.TodoAppApplicationTests
16:48:47.087 [main] INFO org.springframework.boot.devtools.restart.RestartApplicationListener -- Restart disabled due to context in which it is running

  .   ____          _            __ _ _
 /\\ / ___'_ __ _ _(_)_ __  __ _ \ \ \ \
( ( )\___ | '_ | '_| | '_ \/ _` | \ \ \ \
 \\/  ___)| |_)| | | | | || (_| |  ) ) ) )
  '  |____| .__|_| |_|_| |_\__, | / / / /
 =========|_|==============|___/=/_/_/_/

 :: Spring Boot ::                (v3.3.2)

2024-08-18T16:48:47.504+05:30  INFO 18404 --- [todo-app] [           main] c.a.todo_app.TodoAppApplicationTests     : Starting TodoAppApplicationTests using Java 21.0.3 with PID 18404 (started by HP in D:\REACT\todo-app\backend\todo-app)
2024-08-18T16:48:47.506+05:30  INFO 18404 --- [todo-app] [           main] c.a.todo_app.TodoAppApplicationTests     : No active profile set, falling back to 1 default profile: "default"
2024-08-18T16:48:48.578+05:30  INFO 18404 --- [todo-app] [           main] .s.d.r.c.RepositoryConfigurationDelegate : Bootstrapping Spring Data JPA repositories in DEFAULT mode.
2024-08-18T16:48:48.696+05:30  INFO 18404 --- [todo-app] [           main] .s.d.r.c.RepositoryConfigurationDelegate : Finished Spring Data repository scanning in 103 ms. Found 2 JPA repository interfaces.
2024-08-18T16:48:49.450+05:30  INFO 18404 --- [todo-app] [           main] com.zaxxer.hikari.HikariDataSource       : HikariPool-1 - Starting...
2024-08-18T16:48:50.050+05:30  INFO 18404 --- [todo-app] [           main] com.zaxxer.hikari.pool.PoolBase          : HikariPool-1 - Driver does not support get/set network timeout for connections. (feature not supported)
2024-08-18T16:48:50.051+05:30  INFO 18404 --- [todo-app] [           main] com.zaxxer.hikari.pool.HikariPool        : HikariPool-1 - Added connection org.hsqldb.jdbc.JDBCConnection@648c5fb3
2024-08-18T16:48:50.053+05:30  INFO 18404 --- [todo-app] [           main] com.zaxxer.hikari.HikariDataSource       : HikariPool-1 - Start completed.
2024-08-18T16:48:50.142+05:30  INFO 18404 --- [todo-app] [           main] o.hibernate.jpa.internal.util.LogHelper  : HHH000204: Processing PersistenceUnitInfo [name: default]
2024-08-18T16:48:50.249+05:30  INFO 18404 --- [todo-app] [           main] org.hibernate.Version                    : HHH000412: Hibernate ORM core version 6.5.2.Final
2024-08-18T16:48:50.339+05:30  INFO 18404 --- [todo-app] [           main] o.h.c.internal.RegionFactoryInitiator    : HHH000026: Second-level cache disabled
2024-08-18T16:48:50.933+05:30  INFO 18404 --- [todo-app] [           main] o.s.o.j.p.SpringPersistenceUnitInfo      : No LoadTimeWeaver setup: ignoring JPA class transformer
2024-08-18T16:48:51.024+05:30  WARN 18404 --- [todo-app] [           main] org.hibernate.dialect.Dialect            : HHH000511: The 2.4.1 version for [org.hibernate.dialect.HSQLDialect] is no longer supported, hence certain features may not work properly. The minimum supported version is 2.6.1. Check the community dialects project for available legacy versions.
2024-08-18T16:48:52.020+05:30  INFO 18404 --- [todo-app] [           main] o.h.e.t.j.p.i.JtaPlatformInitiator       : HHH000489: No JTA platform available (set 'hibernate.transaction.jta.platform' to enable JTA platform integration)
2024-08-18T16:48:52.052+05:30  INFO 18404 --- [todo-app] [           main] j.LocalContainerEntityManagerFactoryBean : Initialized JPA EntityManagerFactory for persistence unit 'default'
2024-08-18T16:48:52.857+05:30  WARN 18404 --- [todo-app] [           main] JpaBaseConfiguration$JpaWebConfiguration : spring.jpa.open-in-view is enabled by default. Therefore, database queries may be performed during view rendering. Explicitly configure spring.jpa.open-in-view to disable this warning
2024-08-18T16:48:53.422+05:30  INFO 18404 --- [todo-app] [           main] c.a.todo_app.TodoAppApplicationTests     : Started TodoAppApplicationTests in 6.355 seconds (process running for 7.751)
]]></system-out>
    <system-err><![CDATA[WARNING: A Java agent has been loaded dynamically (C:\Users\HP\.m2\repository\net\bytebuddy\byte-buddy-agent\1.14.18\byte-buddy-agent-1.14.18.jar)
WARNING: If a serviceability tool is in use, please run with -XX:+EnableDynamicAgentLoading to hide this warning
WARNING: If a serviceability tool is not in use, please run with -Djdk.instrument.traceUsage for more information
WARNING: Dynamic loading of agents will be disallowed by default in a future release
]]></system-err>
  </testcase>
</testsuite>